<?xml version="1.0" encoding="UTF-8"?>
<testng-results ignored="0" total="2" passed="1" failed="1" skipped="0">
  <reporter-output>
  </reporter-output>
  <suite started-at="2023-01-17T17:30:34 IST" name="Suite" finished-at="2023-01-17T17:32:09 IST" duration-ms="94384">
    <groups>
    </groups>
    <test started-at="2023-01-17T17:30:34 IST" name="Test" finished-at="2023-01-17T17:32:09 IST" duration-ms="94384">
      <class name="e2eTests.SuccessScenario">
        <test-method is-config="true" signature="setUp()[pri:0, instance:e2eTests.SuccessScenario@47a5b70d]" started-at="2023-01-17T17:30:35 IST" name="setUp" finished-at="2023-01-17T17:30:43 IST" duration-ms="8375" status="PASS">
          <reporter-output>
          </reporter-output>
        </test-method> <!-- setUp -->
        <test-method signature="volvoAutomobile(java.lang.Object)[pri:0, instance:e2eTests.SuccessScenario@47a5b70d]" started-at="2023-01-17T17:30:43 IST" name="volvoAutomobile" data-provider="InsuranceData" finished-at="2023-01-17T17:30:46 IST" duration-ms="3376" status="PASS">
          <params>
            <param index="0">
              <value>
                <![CDATA[{LIST_PRICE=2344, VEHICLE_TYPE=Automobile, MAKE=Audi, TC_NO=1, HOMEPAGE_TITLE=Tricentis Vehicle Insurance, DATE_OF_MANUFACTURE=10/29/1994, ENGINE_PERFORMANCE=333, LICENSE_PLATE_NUMBER=TN10AZ3946, NO_OF_SEATS=2, FUEL_TYPE=Petrol, ANNUAL_MILEAGE=234, VEHICLE_DATA_PAGE_TITLE=Enter Vehicle Data}]]>
              </value>
            </param>
          </params>
          <reporter-output>
          </reporter-output>
        </test-method> <!-- volvoAutomobile -->
        <test-method is-config="true" signature="tearDown()[pri:0, instance:e2eTests.SuccessScenario@47a5b70d]" started-at="2023-01-17T17:30:46 IST" name="tearDown" finished-at="2023-01-17T17:31:03 IST" duration-ms="16253" status="PASS">
          <reporter-output>
          </reporter-output>
        </test-method> <!-- tearDown -->
        <test-method is-config="true" signature="setUp()[pri:0, instance:e2eTests.SuccessScenario@47a5b70d]" started-at="2023-01-17T17:31:03 IST" name="setUp" finished-at="2023-01-17T17:31:09 IST" duration-ms="6307" status="PASS">
          <reporter-output>
          </reporter-output>
        </test-method> <!-- setUp -->
        <test-method signature="volvoAutomobile(java.lang.Object)[pri:0, instance:e2eTests.SuccessScenario@47a5b70d]" started-at="2023-01-17T17:31:09 IST" name="volvoAutomobile" data-provider="InsuranceData" finished-at="2023-01-17T17:31:52 IST" duration-ms="43052" status="FAIL">
          <params>
            <param index="0">
              <value>
                <![CDATA[{LIST_PRICE=2344, VEHICLE_TYPE=Motorcycle, MAKE=BMW, TC_NO=2, HOMEPAGE_TITLE=Tricentis Vehicle Insurance, DATE_OF_MANUFACTURE=10/29/1994, ENGINE_PERFORMANCE=444, LICENSE_PLATE_NUMBER=TN10AZ3946, NO_OF_SEATS=2, FUEL_TYPE=Petrol, ANNUAL_MILEAGE=234, VEHICLE_DATA_PAGE_TITLE=Enter Vehicle Data}]]>
              </value>
            </param>
          </params>
          <exception class="org.openqa.selenium.TimeoutException">
            <message>
              <![CDATA[Expected condition failed: waiting for visibility of Proxy element for: DefaultElementLocator 'By.id: numberofseats' (tried for 30 second(s) with 500 milliseconds interval)]]>
            </message>
            <full-stacktrace>
              <![CDATA[org.openqa.selenium.TimeoutException: Expected condition failed: waiting for visibility of Proxy element for: DefaultElementLocator 'By.id: numberofseats' (tried for 30 second(s) with 500 milliseconds interval)
at org.openqa.selenium.support.ui.WebDriverWait.timeoutException(WebDriverWait.java:87)
at org.openqa.selenium.support.ui.FluentWait.until(FluentWait.java:231)
at commonMethods.ReuseableMethods.waitForElementToBeVisible(ReuseableMethods.java:33)
at commonMethods.ElementOperations.selectDropdownValue(ElementOperations.java:15)
at pageObjects.EnterVehicleDataPage.selectNoOfSeatsDropDown(EnterVehicleDataPage.java:48)
at pageObjects.EnterVehicleDataPage.enterAllVechileData(EnterVehicleDataPage.java:75)
at e2eTests.SuccessScenario.volvoAutomobile(SuccessScenario.java:22)
at java.base/jdk.internal.reflect.NativeMethodAccessorImpl.invoke0(Native Method)
at java.base/jdk.internal.reflect.NativeMethodAccessorImpl.invoke(NativeMethodAccessorImpl.java:78)
at java.base/jdk.internal.reflect.DelegatingMethodAccessorImpl.invoke(DelegatingMethodAccessorImpl.java:43)
at java.base/java.lang.reflect.Method.invoke(Method.java:567)
at org.testng.internal.invokers.MethodInvocationHelper.invokeMethod(MethodInvocationHelper.java:139)
at org.testng.internal.invokers.TestInvoker.invokeMethod(TestInvoker.java:677)
at org.testng.internal.invokers.TestInvoker.invokeTestMethod(TestInvoker.java:221)
at org.testng.internal.invokers.MethodRunner.runInSequence(MethodRunner.java:50)
at org.testng.internal.invokers.TestInvoker$MethodInvocationAgent.invoke(TestInvoker.java:969)
at org.testng.internal.invokers.TestInvoker.invokeTestMethods(TestInvoker.java:194)
at org.testng.internal.invokers.TestMethodWorker.invokeTestMethods(TestMethodWorker.java:148)
at org.testng.internal.invokers.TestMethodWorker.run(TestMethodWorker.java:128)
at java.base/java.util.ArrayList.forEach(ArrayList.java:1511)
at org.testng.TestRunner.privateRun(TestRunner.java:829)
at org.testng.TestRunner.run(TestRunner.java:602)
at org.testng.SuiteRunner.runTest(SuiteRunner.java:437)
at org.testng.SuiteRunner.runSequentially(SuiteRunner.java:431)
at org.testng.SuiteRunner.privateRun(SuiteRunner.java:391)
at org.testng.SuiteRunner.run(SuiteRunner.java:330)
at org.testng.SuiteRunnerWorker.runSuite(SuiteRunnerWorker.java:52)
at org.testng.SuiteRunnerWorker.run(SuiteRunnerWorker.java:95)
at org.testng.TestNG.runSuitesSequentially(TestNG.java:1256)
at org.testng.TestNG.runSuitesLocally(TestNG.java:1176)
at org.testng.TestNG.runSuites(TestNG.java:1099)
at org.testng.TestNG.run(TestNG.java:1067)
at org.testng.remote.AbstractRemoteTestNG.run(AbstractRemoteTestNG.java:115)
at org.testng.remote.RemoteTestNG.initAndRun(RemoteTestNG.java:251)
at org.testng.remote.RemoteTestNG.main(RemoteTestNG.java:77)
Caused by: org.openqa.selenium.NoSuchElementException: no such element: Unable to locate element: {"method":"css selector","selector":"#numberofseats"}
  (Session info: chrome=108.0.5359.125)
For documentation on this error, please visit: https://selenium.dev/exceptions/#no_such_element
Build info: version: '4.7.2', revision: '4d4020c3b7'
System info: os.name: 'Windows 10', os.arch: 'amd64', os.version: '10.0', java.version: '16.0.1'
Driver info: org.openqa.selenium.chrome.ChromeDriver
Command: [6cf1bf9d4d3c4999a83170419e18a69b, findElement {using=id, value=numberofseats}]
Capabilities {acceptInsecureCerts: false, browserName: chrome, browserVersion: 108.0.5359.125, chrome: {chromedriverVersion: 108.0.5359.71 (1e0e3868ee06..., userDataDir: C:\Users\DWARAK~1\AppData\L...}, goog:chromeOptions: {debuggerAddress: localhost:55006}, networkConnectionEnabled: false, pageLoadStrategy: normal, platformName: WINDOWS, proxy: Proxy(), se:cdp: ws://localhost:55006/devtoo..., se:cdpVersion: 108.0.5359.125, setWindowRect: true, strictFileInteractability: false, timeouts: {implicit: 0, pageLoad: 300000, script: 30000}, unhandledPromptBehavior: dismiss and notify, webauthn:extension:credBlob: true, webauthn:extension:largeBlob: true, webauthn:virtualAuthenticators: true}
Session ID: 6cf1bf9d4d3c4999a83170419e18a69b
at java.base/jdk.internal.reflect.NativeConstructorAccessorImpl.newInstance0(Native Method)
at java.base/jdk.internal.reflect.NativeConstructorAccessorImpl.newInstance(NativeConstructorAccessorImpl.java:78)
at java.base/jdk.internal.reflect.DelegatingConstructorAccessorImpl.newInstance(DelegatingConstructorAccessorImpl.java:45)
at java.base/java.lang.reflect.Constructor.newInstanceWithCaller(Constructor.java:499)
at java.base/java.lang.reflect.Constructor.newInstance(Constructor.java:480)
at org.openqa.selenium.remote.codec.w3c.W3CHttpResponseCodec.createException(W3CHttpResponseCodec.java:200)
at org.openqa.selenium.remote.codec.w3c.W3CHttpResponseCodec.decode(W3CHttpResponseCodec.java:133)
at org.openqa.selenium.remote.codec.w3c.W3CHttpResponseCodec.decode(W3CHttpResponseCodec.java:53)
at org.openqa.selenium.remote.HttpCommandExecutor.execute(HttpCommandExecutor.java:184)
at org.openqa.selenium.remote.service.DriverCommandExecutor.invokeExecute(DriverCommandExecutor.java:167)
at org.openqa.selenium.remote.service.DriverCommandExecutor.execute(DriverCommandExecutor.java:142)
at org.openqa.selenium.remote.RemoteWebDriver.execute(RemoteWebDriver.java:535)
at org.openqa.selenium.remote.ElementLocation$ElementFinder$2.findElement(ElementLocation.java:162)
at org.openqa.selenium.remote.ElementLocation.findElement(ElementLocation.java:60)
at org.openqa.selenium.remote.RemoteWebDriver.findElement(RemoteWebDriver.java:351)
at org.openqa.selenium.remote.RemoteWebDriver.findElement(RemoteWebDriver.java:343)
at org.openqa.selenium.support.pagefactory.DefaultElementLocator.findElement(DefaultElementLocator.java:70)
at org.openqa.selenium.support.pagefactory.internal.LocatingElementHandler.invoke(LocatingElementHandler.java:39)
at jdk.proxy2/jdk.proxy2.$Proxy18.isDisplayed(Unknown Source)
at org.openqa.selenium.support.ui.ExpectedConditions.elementIfVisible(ExpectedConditions.java:307)
at org.openqa.selenium.support.ui.ExpectedConditions.access$000(ExpectedConditions.java:40)
at org.openqa.selenium.support.ui.ExpectedConditions$10.apply(ExpectedConditions.java:293)
at org.openqa.selenium.support.ui.ExpectedConditions$10.apply(ExpectedConditions.java:290)
at org.openqa.selenium.support.ui.FluentWait.until(FluentWait.java:208)
... 33 more
]]>
            </full-stacktrace>
          </exception> <!-- org.openqa.selenium.TimeoutException -->
          <reporter-output>
          </reporter-output>
        </test-method> <!-- volvoAutomobile -->
        <test-method is-config="true" signature="tearDown()[pri:0, instance:e2eTests.SuccessScenario@47a5b70d]" started-at="2023-01-17T17:31:52 IST" name="tearDown" finished-at="2023-01-17T17:32:09 IST" duration-ms="16249" status="PASS">
          <reporter-output>
          </reporter-output>
        </test-method> <!-- tearDown -->
      </class> <!-- e2eTests.SuccessScenario -->
    </test> <!-- Test -->
  </suite> <!-- Suite -->
</testng-results>
